<?xml version="1.0" encoding="UTF-8"?>
<!-- Generated by org.testng.reporters.JUnitXMLReporter -->
<testsuite ignored="15" hostname="DESKTOP-7D6M7IH" failures="0" tests="3" name="status" time="0.17" errors="0" timestamp="2023-07-18T14:47:47 IST">
  <testcase classname="TestNg.Test_1" name="m3" time="0.027"/>
  <testcase classname="TestNg.Test_3" name="bags" time="0.005"/>
  <testcase classname="TestNg.Test_3" name="travelling" time="0.006"/>
  <testcase classname="TestNg.Test_1" name="m2" time="0.0">
    <ignored/>
  </testcase> <!-- m2 -->
  <testcase classname="TestNg.Test_2" name="m" time="0.0">
    <ignored/>
  </testcase> <!-- m -->
  <testcase classname="TestNg.Test_1" name="m1" time="0.0">
    <ignored/>
  </testcase> <!-- m1 -->
  <testcase classname="TestNg.Test_1" name="m" time="0.0">
    <ignored/>
  </testcase> <!-- m -->
  <testcase classname="TestNg.Test_2" name="m5" time="0.0">
    <ignored/>
  </testcase> <!-- m5 -->
  <testcase classname="TestNg.Test_3" name="Speedo" time="0.0">
    <ignored/>
  </testcase> <!-- Speedo -->
  <testcase classname="TestNg.Test_1" name="m5" time="0.0">
    <ignored/>
  </testcase> <!-- m5 -->
  <testcase classname="TestNg.Test_3" name="bottle" time="0.0">
    <ignored/>
  </testcase> <!-- bottle -->
  <testcase classname="TestNg.Test_3" name="caps" time="0.0">
    <ignored/>
  </testcase> <!-- caps -->
  <testcase classname="TestNg.Test_2" name="m3" time="0.0">
    <ignored/>
  </testcase> <!-- m3 -->
  <testcase classname="TestNg.Test_2" name="m2" time="0.0">
    <ignored/>
  </testcase> <!-- m2 -->
  <testcase classname="TestNg.Test_2" name="m4" time="0.0">
    <ignored/>
  </testcase> <!-- m4 -->
  <testcase classname="TestNg.Test_1" name="m4" time="0.0">
    <ignored/>
  </testcase> <!-- m4 -->
  <testcase classname="TestNg.Test_2" name="m1" time="0.0">
    <ignored/>
  </testcase> <!-- m1 -->
  <testcase classname="TestNg.Test_3" name="Quartz" time="0.0">
    <ignored/>
  </testcase> <!-- Quartz -->
</testsuite> <!-- status -->
