<?xml version="1.0" encoding="UTF-8"?>
<!-- Generated by org.testng.reporters.JUnitXMLReporter -->
<testsuite ignored="0" hostname="DESKTOP-7D6M7IH" failures="0" tests="6" name="Default test" time="0.208" errors="0" timestamp="2023-07-18T14:45:30 IST">
  <testcase classname="TestNg.Test_1" name="m" time="0.013"/>
  <testcase classname="TestNg.Test_1" name="m1" time="0.003"/>
  <testcase classname="TestNg.Test_1" name="m2" time="0.01"/>
  <testcase classname="TestNg.Test_1" name="m3" time="0.006"/>
  <testcase classname="TestNg.Test_1" name="m4" time="0.003"/>
  <testcase classname="TestNg.Test_1" name="m5" time="0.003"/>
</testsuite> <!-- Default test -->
