<?xml version="1.0" encoding="UTF-8"?>
<testng-results ignored="0" total="1" passed="1" failed="0" skipped="0">
  <reporter-output>
  </reporter-output>
  <suite started-at="2023-07-28T17:20:31 IST" name="Default suite" finished-at="2023-07-28T17:20:47 IST" duration-ms="15990">
    <groups>
    </groups>
    <test started-at="2023-07-28T17:20:31 IST" name="Default test" finished-at="2023-07-28T17:20:47 IST" duration-ms="15990">
      <class name="Play_write_Hrm_orange.Test_Case_class">
        <test-method is-config="true" signature="open_page()[pri:0, instance:Play_write_Hrm_orange.Test_Case_class@4562e04d]" started-at="2023-07-28T17:20:31 IST" name="open_page" finished-at="2023-07-28T17:20:46 IST" duration-ms="14761" status="PASS">
          <reporter-output>
          </reporter-output>
        </test-method> <!-- open_page -->
        <test-method signature="valid_credentials()[pri:0, instance:Play_write_Hrm_orange.Test_Case_class@4562e04d]" started-at="2023-07-28T17:20:46 IST" name="valid_credentials" finished-at="2023-07-28T17:20:47 IST" duration-ms="1110" status="PASS">
          <reporter-output>
          </reporter-output>
        </test-method> <!-- valid_credentials -->
      </class> <!-- Play_write_Hrm_orange.Test_Case_class -->
    </test> <!-- Default test -->
  </suite> <!-- Default suite -->
</testng-results>
