<?xml version="1.0" encoding="UTF-8"?>
<testng-results ignored="0" total="3" passed="3" failed="0" skipped="0">
  <reporter-output>
  </reporter-output>
  <suite started-at="2023-07-18T14:47:47 IST" name="testngsuit" finished-at="2023-07-18T14:47:47 IST" duration-ms="170">
    <groups>
      <group name="smoke">
        <method signature="Test_3.bags()[pri:0, instance:TestNg.Test_3@74235045]" name="bags" class="TestNg.Test_3"/>
        <method signature="Test_3.travelling()[pri:0, instance:TestNg.Test_3@74235045]" name="travelling" class="TestNg.Test_3"/>
      </group> <!-- smoke -->
    </groups>
    <test started-at="2023-07-18T14:47:47 IST" name="status" finished-at="2023-07-18T14:47:47 IST" duration-ms="170">
      <class name="TestNg.Test_1">
        <test-method signature="m3()[pri:2, instance:TestNg.Test_1@3e694b3f]" started-at="2023-07-18T14:47:47 IST" name="m3" finished-at="2023-07-18T14:47:47 IST" duration-ms="27" status="PASS">
          <reporter-output>
          </reporter-output>
        </test-method> <!-- m3 -->
      </class> <!-- TestNg.Test_1 -->
      <class name="TestNg.Test_3">
        <test-method signature="bags()[pri:0, instance:TestNg.Test_3@74235045]" started-at="2023-07-18T14:47:47 IST" name="bags" finished-at="2023-07-18T14:47:47 IST" duration-ms="5" status="PASS">
          <reporter-output>
          </reporter-output>
        </test-method> <!-- bags -->
        <test-method signature="travelling()[pri:0, instance:TestNg.Test_3@74235045]" started-at="2023-07-18T14:47:47 IST" name="travelling" finished-at="2023-07-18T14:47:47 IST" duration-ms="6" status="PASS">
          <reporter-output>
          </reporter-output>
        </test-method> <!-- travelling -->
      </class> <!-- TestNg.Test_3 -->
    </test> <!-- status -->
  </suite> <!-- testngsuit -->
</testng-results>
